{"/Users/johncevallos/Documents/joancema/classes/2024-1/sextoAB/s3/src/functions/callback.ts": {"path":"/Users/johncevallos/Documents/joancema/classes/2024-1/sextoAB/s3/src/functions/callback.ts","all":false,"statementMap":{"0":{"start":{"line":1,"column":0},"end":{"line":1,"column":96}},"1":{"start":{"line":2,"column":0},"end":{"line":2,"column":25}},"2":{"start":{"line":3,"column":0},"end":{"line":3,"column":21}},"3":{"start":{"line":4,"column":0},"end":{"line":4,"column":1}},"4":{"start":{"line":5,"column":0},"end":{"line":5,"column":34}}},"s":{"0":1,"1":3,"2":3,"3":3,"4":1},"branchMap":{"0":{"type":"branch","line":1,"loc":{"start":{"line":1,"column":33},"end":{"line":4,"column":1}},"locations":[{"start":{"line":1,"column":33},"end":{"line":4,"column":1}}]}},"b":{"0":[3]},"fnMap":{"0":{"name":"sumar2NumerosConCallback","decl":{"start":{"line":1,"column":33},"end":{"line":4,"column":1}},"loc":{"start":{"line":1,"column":33},"end":{"line":4,"column":1}},"line":1}},"f":{"0":3}}
,"/Users/johncevallos/Documents/joancema/classes/2024-1/sextoAB/s3/src/functions/sumNumbers.ts": {"path":"/Users/johncevallos/Documents/joancema/classes/2024-1/sextoAB/s3/src/functions/sumNumbers.ts","all":false,"statementMap":{"0":{"start":{"line":1,"column":0},"end":{"line":1,"column":63}},"1":{"start":{"line":2,"column":0},"end":{"line":2,"column":17}},"2":{"start":{"line":3,"column":0},"end":{"line":3,"column":3}},"3":{"start":{"line":4,"column":0},"end":{"line":4,"column":2}},"4":{"start":{"line":5,"column":0},"end":{"line":5,"column":0}},"5":{"start":{"line":6,"column":0},"end":{"line":6,"column":32}}},"s":{"0":1,"1":3,"2":3,"3":1,"4":1,"5":1},"branchMap":{"0":{"type":"branch","line":1,"loc":{"start":{"line":1,"column":28},"end":{"line":3,"column":3}},"locations":[{"start":{"line":1,"column":28},"end":{"line":3,"column":3}}]}},"b":{"0":[3]},"fnMap":{"0":{"name":"functionSum2Numbers","decl":{"start":{"line":1,"column":28},"end":{"line":3,"column":3}},"loc":{"start":{"line":1,"column":28},"end":{"line":3,"column":3}},"line":1}},"f":{"0":3}}
}
